\BOOKMARK [0][-]{chapter*.1}{\315ndice general}{}% 1
\BOOKMARK [0][-]{chapter*.2}{\315ndice de figuras}{}% 2
\BOOKMARK [0][-]{chapter.1}{Arquitectura}{}% 3
\BOOKMARK [1][-]{section.1.1}{Descripci\363n del Juego}{chapter.1}% 4
\BOOKMARK [1][-]{section.1.2}{Visi\363n general}{chapter.1}% 5
\BOOKMARK [1][-]{section.1.3}{Men\372}{chapter.1}% 6
\BOOKMARK [1][-]{section.1.4}{Control de niveles}{chapter.1}% 7
\BOOKMARK [2][-]{subsection.1.4.1}{Carga de Niveles}{section.1.4}% 8
\BOOKMARK [2][-]{subsection.1.4.2}{Inicio del juego}{section.1.4}% 9
\BOOKMARK [2][-]{subsection.1.4.3}{Condiciones de fin del juego}{section.1.4}% 10
\BOOKMARK [1][-]{section.1.5}{Control del jugador}{chapter.1}% 11
\BOOKMARK [2][-]{subsection.1.5.1}{Componentes}{section.1.5}% 12
\BOOKMARK [2][-]{subsection.1.5.2}{Comportamiento del personaje}{section.1.5}% 13
\BOOKMARK [1][-]{section.1.6}{F\355sicas e interacci\363n}{chapter.1}% 14
\BOOKMARK [2][-]{subsection.1.6.1}{Pelota}{section.1.6}% 15
\BOOKMARK [2][-]{subsection.1.6.2}{Elementos Interactivos}{section.1.6}% 16
\BOOKMARK [1][-]{section.1.7}{Jefe Final}{chapter.1}% 17
\BOOKMARK [2][-]{subsection.1.7.1}{Componentes}{section.1.7}% 18
\BOOKMARK [2][-]{subsection.1.7.2}{Movimiento}{section.1.7}% 19
\BOOKMARK [2][-]{subsection.1.7.3}{Inteligencia Artificial}{section.1.7}% 20
\BOOKMARK [1][-]{section.1.8}{Patrones de Dise\361o}{chapter.1}% 21
\BOOKMARK [2][-]{subsection.1.8.1}{State}{section.1.8}% 22
\BOOKMARK [2][-]{subsection.1.8.2}{Component}{section.1.8}% 23
\BOOKMARK [2][-]{subsection.1.8.3}{Prototype}{section.1.8}% 24
\BOOKMARK [2][-]{subsection.1.8.4}{Singleton}{section.1.8}% 25
\BOOKMARK [0][-]{Item.25}{Bibliograf\355a}{}% 26
\BOOKMARK [0][-]{appendix*.3}{Videojuegos}{}% 27
